<?xml version="1.0" encoding="UTF-8"?>
<!-- Generated by org.testng.reporters.JUnitXMLReporter -->
<testsuite ignored="0" hostname="DESKTOP-9KBGIMS" failures="0" tests="3" name="HomePageTest" time="12.658" errors="0" timestamp="2025-01-28T17:04:46 IST">
  <testcase classname="com.CRM.testcases.HomePageTestCase" name="verifyUrl" time="0.019"/>
  <testcase classname="com.CRM.testcases.HomePageTestCase" name="verifyTitle" time="0.016"/>
  <testcase classname="com.CRM.testcases.HomePageTestCase" name="validateSigninLink" time="0.725"/>
</testsuite> <!-- HomePageTest -->
