<?xml version="1.0" encoding="UTF-8"?>
<!-- Generated by org.testng.reporters.JUnitXMLReporter -->
<testsuite ignored="0" hostname="DESKTOP-9KBGIMS" failures="0" tests="3" name="HomePageTest" time="6.219" errors="0" timestamp="2025-01-26T21:18:51 IST">
  <testcase classname="com.CRM.testcases.HomePageTestCase" name="verifyUrl" time="0.022"/>
  <testcase classname="com.CRM.testcases.HomePageTestCase" name="verifyTitle" time="0.013"/>
  <testcase classname="com.CRM.testcases.HomePageTestCase" name="validateSigninLink" time="1.145"/>
</testsuite> <!-- HomePageTest -->
