<?xml version="1.0" encoding="UTF-8"?>
<!-- Generated by org.testng.reporters.JUnitXMLReporter -->
<testsuite ignored="0" hostname="DESKTOP-9KBGIMS" failures="0" tests="3" name="HomePageTest" time="8.756" errors="0" timestamp="2025-01-28T17:09:04 IST">
  <testcase classname="com.CRM.testcases.HomePageTestCase" name="verifyUrl" time="0.012"/>
  <testcase classname="com.CRM.testcases.HomePageTestCase" name="verifyTitle" time="0.008"/>
  <testcase classname="com.CRM.testcases.HomePageTestCase" name="validateSigninLink" time="0.768"/>
</testsuite> <!-- HomePageTest -->
