<?xml version="1.0" encoding="UTF-8"?>
<testng-results ignored="0" total="4" passed="4" failed="0" skipped="0">
  <reporter-output>
  </reporter-output>
  <suite started-at="2025-01-28T17:08:55 IST" name="Suite" finished-at="2025-01-28T17:09:09 IST" duration-ms="14114">
    <groups>
    </groups>
    <test started-at="2025-01-28T17:08:55 IST" name="HomePageTest" finished-at="2025-01-28T17:09:04 IST" duration-ms="8756">
      <class name="com.CRM.testcases.HomePageTestCase">
        <test-method is-config="true" signature="setup()[pri:0, instance:com.CRM.testcases.HomePageTestCase@27ce24aa]" started-at="2025-01-28T17:08:55 IST" name="setup" finished-at="2025-01-28T17:09:03 IST" duration-ms="7804" status="PASS">
          <reporter-output>
          </reporter-output>
        </test-method> <!-- setup -->
        <test-method signature="verifyUrl()[pri:1, instance:com.CRM.testcases.HomePageTestCase@27ce24aa]" started-at="2025-01-28T17:09:03 IST" name="verifyUrl" finished-at="2025-01-28T17:09:03 IST" duration-ms="12" status="PASS">
          <reporter-output>
          </reporter-output>
        </test-method> <!-- verifyUrl -->
        <test-method signature="verifyTitle()[pri:2, instance:com.CRM.testcases.HomePageTestCase@27ce24aa]" started-at="2025-01-28T17:09:03 IST" name="verifyTitle" finished-at="2025-01-28T17:09:03 IST" duration-ms="8" status="PASS">
          <reporter-output>
          </reporter-output>
        </test-method> <!-- verifyTitle -->
        <test-method signature="validateSigninLink()[pri:3, instance:com.CRM.testcases.HomePageTestCase@27ce24aa]" started-at="2025-01-28T17:09:03 IST" name="validateSigninLink" finished-at="2025-01-28T17:09:04 IST" duration-ms="768" status="PASS">
          <reporter-output>
          </reporter-output>
        </test-method> <!-- validateSigninLink -->
        <test-method is-config="true" signature="tearDown()[pri:0, instance:com.CRM.testcases.HomePageTestCase@27ce24aa]" started-at="2025-01-28T17:09:04 IST" name="tearDown" finished-at="2025-01-28T17:09:04 IST" duration-ms="105" status="PASS">
          <reporter-output>
          </reporter-output>
        </test-method> <!-- tearDown -->
      </class> <!-- com.CRM.testcases.HomePageTestCase -->
    </test> <!-- HomePageTest -->
    <test started-at="2025-01-28T17:09:04 IST" name="LoginPageTest" finished-at="2025-01-28T17:09:09 IST" duration-ms="5310">
      <class name="com.CRM.testcases.LoginPageTestCase">
        <test-method is-config="true" signature="setup()[pri:0, instance:com.CRM.testcases.LoginPageTestCase@5e0826e7]" started-at="2025-01-28T17:09:04 IST" name="setup" finished-at="2025-01-28T17:09:07 IST" duration-ms="3233" status="PASS">
          <reporter-output>
          </reporter-output>
        </test-method> <!-- setup -->
        <test-method is-config="true" signature="pageSetup()[pri:0, instance:com.CRM.testcases.LoginPageTestCase@5e0826e7]" started-at="2025-01-28T17:09:07 IST" name="pageSetup" finished-at="2025-01-28T17:09:08 IST" duration-ms="1091" status="PASS">
          <reporter-output>
          </reporter-output>
        </test-method> <!-- pageSetup -->
        <test-method signature="validateLogin()[pri:0, instance:com.CRM.testcases.LoginPageTestCase@5e0826e7]" started-at="2025-01-28T17:09:08 IST" name="validateLogin" finished-at="2025-01-28T17:09:09 IST" duration-ms="872" status="PASS">
          <reporter-output>
          </reporter-output>
        </test-method> <!-- validateLogin -->
        <test-method is-config="true" signature="tearDown()[pri:0, instance:com.CRM.testcases.LoginPageTestCase@5e0826e7]" started-at="2025-01-28T17:09:09 IST" name="tearDown" finished-at="2025-01-28T17:09:09 IST" duration-ms="109" status="PASS">
          <reporter-output>
          </reporter-output>
        </test-method> <!-- tearDown -->
      </class> <!-- com.CRM.testcases.LoginPageTestCase -->
    </test> <!-- LoginPageTest -->
  </suite> <!-- Suite -->
</testng-results>
