<?xml version="1.0" encoding="UTF-8"?>
<testng-results ignored="0" total="4" passed="4" failed="0" skipped="0">
  <reporter-output>
  </reporter-output>
  <suite started-at="2025-01-28T17:04:34 IST" name="Suite" finished-at="2025-01-28T17:04:51 IST" duration-ms="17574">
    <groups>
    </groups>
    <test started-at="2025-01-28T17:04:34 IST" name="HomePageTest" finished-at="2025-01-28T17:04:46 IST" duration-ms="12658">
      <class name="com.CRM.testcases.HomePageTestCase">
        <test-method is-config="true" signature="setup()[pri:0, instance:com.CRM.testcases.HomePageTestCase@70e9c95d]" started-at="2025-01-28T17:04:34 IST" name="setup" finished-at="2025-01-28T17:04:45 IST" duration-ms="11641" status="PASS">
          <reporter-output>
          </reporter-output>
        </test-method> <!-- setup -->
        <test-method signature="verifyUrl()[pri:1, instance:com.CRM.testcases.HomePageTestCase@70e9c95d]" started-at="2025-01-28T17:04:45 IST" name="verifyUrl" finished-at="2025-01-28T17:04:45 IST" duration-ms="19" status="PASS">
          <reporter-output>
          </reporter-output>
        </test-method> <!-- verifyUrl -->
        <test-method signature="verifyTitle()[pri:2, instance:com.CRM.testcases.HomePageTestCase@70e9c95d]" started-at="2025-01-28T17:04:45 IST" name="verifyTitle" finished-at="2025-01-28T17:04:45 IST" duration-ms="16" status="PASS">
          <reporter-output>
          </reporter-output>
        </test-method> <!-- verifyTitle -->
        <test-method signature="validateSigninLink()[pri:3, instance:com.CRM.testcases.HomePageTestCase@70e9c95d]" started-at="2025-01-28T17:04:45 IST" name="validateSigninLink" finished-at="2025-01-28T17:04:46 IST" duration-ms="725" status="PASS">
          <reporter-output>
          </reporter-output>
        </test-method> <!-- validateSigninLink -->
        <test-method is-config="true" signature="tearDown()[pri:0, instance:com.CRM.testcases.HomePageTestCase@70e9c95d]" started-at="2025-01-28T17:04:46 IST" name="tearDown" finished-at="2025-01-28T17:04:46 IST" duration-ms="190" status="PASS">
          <reporter-output>
          </reporter-output>
        </test-method> <!-- tearDown -->
      </class> <!-- com.CRM.testcases.HomePageTestCase -->
    </test> <!-- HomePageTest -->
    <test started-at="2025-01-28T17:04:46 IST" name="LoginPageTest" finished-at="2025-01-28T17:04:51 IST" duration-ms="4805">
      <class name="com.CRM.testcases.LoginPageTestCase">
        <test-method is-config="true" signature="setup()[pri:0, instance:com.CRM.testcases.LoginPageTestCase@25ce9dc4]" started-at="2025-01-28T17:04:46 IST" name="setup" finished-at="2025-01-28T17:04:49 IST" duration-ms="2726" status="PASS">
          <reporter-output>
          </reporter-output>
        </test-method> <!-- setup -->
        <test-method is-config="true" signature="pageSetup()[pri:0, instance:com.CRM.testcases.LoginPageTestCase@25ce9dc4]" started-at="2025-01-28T17:04:49 IST" name="pageSetup" finished-at="2025-01-28T17:04:50 IST" duration-ms="817" status="PASS">
          <reporter-output>
          </reporter-output>
        </test-method> <!-- pageSetup -->
        <test-method signature="validateLogin()[pri:0, instance:com.CRM.testcases.LoginPageTestCase@25ce9dc4]" started-at="2025-01-28T17:04:50 IST" name="validateLogin" finished-at="2025-01-28T17:04:51 IST" duration-ms="1038" status="PASS">
          <reporter-output>
          </reporter-output>
        </test-method> <!-- validateLogin -->
        <test-method is-config="true" signature="tearDown()[pri:0, instance:com.CRM.testcases.LoginPageTestCase@25ce9dc4]" started-at="2025-01-28T17:04:51 IST" name="tearDown" finished-at="2025-01-28T17:04:51 IST" duration-ms="220" status="PASS">
          <reporter-output>
          </reporter-output>
        </test-method> <!-- tearDown -->
      </class> <!-- com.CRM.testcases.LoginPageTestCase -->
    </test> <!-- LoginPageTest -->
  </suite> <!-- Suite -->
</testng-results>
